
======================================================================
  EURJPY TRAILING STOP SWEEP (Item 2)
  2026-03-28 17:36
======================================================================


==================================================
  CONFIG: fibo1rst=1.5 (baseline)
==================================================

[1/15] 17:36 — fibo1rst=1.5 (baseline) 2022
  PF=0.77  T=12  DD=0.75%  (46s)  ✗
  📋 Log: 1 expired

[2/15] 17:36 — fibo1rst=1.5 (baseline) 2023
  PF=1.29  T=12  DD=1.38%  (36s)  ✓
  📋 Log: clean

[3/15] 17:37 — fibo1rst=1.5 (baseline) 2024
  PF=1.17  T=9  DD=1.29%  (44s)  ✓
  📋 Log: 1 expired

[4/15] 17:38 — fibo1rst=1.5 (baseline) 2025
  PF=4.85  T=9  DD=0.52%  (40s)  ✓
  📋 Log: 1 expired

[5/15] 17:38 — fibo1rst=1.5 (baseline) Full
  PF=1.72  T=46  DD=1.38%  (209s)  ✓
  📋 Log: 3 expired

  fibo1rst=1.5 (baseline): 3/4 annual windows profitable
  Full: PF=1.72  T=46  DD=1.38%
  VERDICT: PASS ✓

==================================================
  CONFIG: fibo1rst=2.0
==================================================

[6/15] 17:42 — fibo1rst=2.0 2022
  PF=0.97  T=12  DD=0.75%  (49s)  ✗
  📋 Log: 1 expired

[7/15] 17:43 — fibo1rst=2.0 2023
  PF=1.72  T=12  DD=1.37%  (38s)  ✓
  📋 Log: clean

[8/15] 17:43 — fibo1rst=2.0 2024
  PF=1.47  T=9  DD=1.31%  (46s)  ✓
  📋 Log: 1 expired

[9/15] 17:44 — fibo1rst=2.0 2025
  PF=2.63  T=9  DD=0.63%  (42s)  ✓
  📋 Log: 1 expired

[10/15] 17:45 — fibo1rst=2.0 Full
  PF=1.65  T=46  DD=1.37%  (205s)  ✓
  📋 Log: 3 expired

  fibo1rst=2.0: 3/4 annual windows profitable
  Full: PF=1.65  T=46  DD=1.37%
  VERDICT: PASS ✓

==================================================
  CONFIG: fibo1rst=3.0
==================================================

[11/15] 17:48 — fibo1rst=3.0 2022
  PF=0.70  T=12  DD=1.28%  (48s)  ✗
  📋 Log: 1 expired

[12/15] 17:49 — fibo1rst=3.0 2023
  PF=0.95  T=12  DD=2.15%  (38s)  ✗
  📋 Log: clean

[13/15] 17:50 — fibo1rst=3.0 2024
  PF=0.39  T=9  DD=1.36%  (46s)  ✗
  📋 Log: 1 expired

[14/15] 17:50 — fibo1rst=3.0 2025
  PF=1.74  T=9  DD=1.01%  (40s)  ✓
  📋 Log: 1 expired

[15/15] 17:51 — fibo1rst=3.0 Full
  PF=0.86  T=46  DD=2.83%  (209s)  ✗
  📋 Log: 3 expired

  fibo1rst=3.0: 1/4 annual windows profitable
  Full: PF=0.86  T=46  DD=2.83%
  VERDICT: FAIL ✗


======================================================================
  FINAL SUMMARY — EURJPY TRAILING SWEEP
======================================================================

  Config                      2022    2023    2024    2025  Full PF    T
  -----------------------------------------------------------------
  fibo1rst=1.5 (baseline)   0.77✗  1.29✓  1.17✓  4.85✓      1.72   46
  fibo1rst=2.0              0.97✗  1.72✓  1.47✓  2.63✓      1.65   46
  fibo1rst=3.0              0.70✗  0.95✗  0.39✗  1.74✓      0.86   46

  Saved: eurjpy_trailing_sweep_results.csv
