
======================================================================
  EURUSD OPTION C (No-DailyBias) CROSS-YEAR VALIDATION (Item 3)
  Set file: eurusd.set
  2026-03-28 16:51
======================================================================


[1/5] 16:51 — 2022
  PF=1.10  T=16  DD=1.54%  (34s)  ✓
  📋 Log: 2 expired

[2/5] 16:52 — 2023
  PF=0.38  T=17  DD=3.35%  (28s)  ✗
  📋 Log: 6 expired

[3/5] 16:52 — 2024
  PF=3.37  T=8  DD=1.05%  (28s)  ✓
  📋 Log: 5 expired

[4/5] 16:53 — 2025
  PF=0.64  T=12  DD=1.87%  (26s)  ✗
  📋 Log: clean

[5/5] 16:53 — Full
  PF=1.03  T=53  DD=4.86%  (207s)  ✓
  📋 Log: 13 expired


======================================================================
  FINAL SUMMARY — EURUSD No-DailyBias Cross-Year
======================================================================

  Year         PF    T     DD  OK
  --------------------------------
  2022       1.10   16  1.54%  ✓
  2023       0.38   17  3.35%  ✗
  2024       3.37    8  1.05%  ✓
  2025       0.64   12  1.87%  ✗
  Full       1.03   53  4.86%  ✓

  2/4 annual windows profitable
  Full: PF=1.03  T=53  DD=4.86%
  VERDICT: FAIL ✗

  Saved: eurusd_nobias_xv_results.csv
