
======================================================================
  PHASE 1: XAUUSD ATR MIN + LONDON KZ SWEEP (full period)
  Period: 2022.01.01 – 2026.03.28
  2026-03-28 17:55
======================================================================


[1/6] 17:55 — Baseline
  PF=2.60  T=22  WR=55%  DD=19.23%  ΔT=+0  (171s)  ✓
  📋 Log: 2 expired

[2/6] 17:57 — ATR-min=0.05%
  PF=2.60  T=22  WR=55%  DD=19.23%  ΔT=+0  (171s)  ✓
  📋 Log: 2 expired

[3/6] 18:00 — ATR-min=0.10%
  PF=2.96  T=0  WR=0%  DD=18.73%  ΔT=-22  (181s)  ~
  📋 Log: 3 expired

[4/6] 18:03 — ATR-min=0.15%
  PF=8.67  T=12  WR=58%  DD=10.11%  ΔT=-10  (171s)  ✓
  📋 Log: 2 expired

[5/6] 18:06 — ATR-min=0.20%
  PF=631.73  T=8  WR=12%  DD=0.05%  ΔT=-14  (169s)  ~
  📋 Log: 2 expired

[6/6] 18:09 — London-KZ-only
  PF=0.00  T=0  WR=0%  DD=0.00%  ΔT=-22  (16s)  ✗
  📋 Log: 1 errors


======================================================================
  PHASE 1 SUMMARY
======================================================================
  Config                   PF    T    WR     DD  Mark
  --------------------------------------------------
  Baseline               2.60   22        19.23%  ✓
  ATR-min=0.05%          2.60   22        19.23%  ✓
  ATR-min=0.10%          2.96    0        18.73%  ~
  ATR-min=0.15%          8.67   12        10.11%  ✓
  ATR-min=0.20%        631.73    8         0.05%  ~
  London-KZ-only         0.00    0         0.00%  ✗

  Winners for cross-year: ['ATR-min=0.05%', 'ATR-min=0.15%']

======================================================================
  PHASE 2: CROSS-YEAR VALIDATION for winners
  Configs: ['ATR-min=0.05%', 'ATR-min=0.15%']
======================================================================


==================================================
  CONFIG: ATR-min=0.05%
==================================================

[1/10] 18:09 — ATR-min=0.05% 2022
  PF=2.59  T=9  DD=19.23%  (32s)  ✓
  📋 Log: 1 expired

[2/10] 18:10 — ATR-min=0.05% 2023
  PF=1.11  T=2  DD=10.19%  (28s)  ✗
  📋 Log: 1 expired

[3/10] 18:10 — ATR-min=0.05% 2024
  PF=1.30  T=4  DD=17.05%  (34s)  ✓
  📋 Log: clean

[4/10] 18:11 — ATR-min=0.05% 2025
  PF=5.40  T=7  DD=10.11%  (36s)  ✓
  📋 Log: clean

[5/10] 18:11 — ATR-min=0.05% Full
  PF=2.60  T=22  DD=19.23%  (171s)  ✓
  📋 Log: 2 expired

  ATR-min=0.05%: 3/4 annual windows profitable
  Full: PF=2.60  T=22  DD=19.23%
  VERDICT: PASS ✓

==================================================
  CONFIG: ATR-min=0.15%
==================================================

[6/10] 18:14 — ATR-min=0.15% 2022
  PF=322.98  T=4  DD=0.08%  (30s)  ✓
  📋 Log: 1 expired

[7/10] 18:15 — ATR-min=0.15% 2023
  PF=0.00  T=1  DD=0.00%  (26s)  ✗
  📋 Log: clean

[8/10] 18:15 — ATR-min=0.15% 2024
  PF=1.00  T=2  DD=0.03%  (34s)  ✗
  📋 Log: clean

[9/10] 18:16 — ATR-min=0.15% 2025
  PF=4.47  T=5  DD=10.02%  (38s)  ✓
  📋 Log: 1 expired

[10/10] 18:16 — ATR-min=0.15% Full
  PF=8.67  T=12  DD=10.11%  (173s)  ✓
  📋 Log: 2 expired

  ATR-min=0.15%: 2/4 annual windows profitable
  Full: PF=8.67  T=12  DD=10.11%
  VERDICT: FAIL ✗


======================================================================
  PHASE 2 SUMMARY — CROSS-YEAR
======================================================================
  Config                    2022    2023    2024    2025  Full PF    T
  --------------------------------------------------------------------
  ATR-min=0.05%           2.59✓  1.11✗  1.30✓  5.40✓      2.60   22
  ATR-min=0.15%           322.98✓  0.00✗  1.00✗  4.47✓      8.67   12

  Saved: xauusd_atr_kz_xv_results.csv

  Phase 1 saved: xauusd_atr_kz_sweep_results.csv
